{"D:\\NodeJs\\testing\\testing\\src\\math.js":{"path":"D:\\NodeJs\\testing\\testing\\src\\math.js","s":{"1":1,"2":2,"3":2,"4":1,"5":1},"b":{},"f":{},"fnMap":{},"statementMap":{"1":{"start":{"line":1,"column":0},"end":{"line":12,"column":1}},"2":{"start":{"line":3,"column":8},"end":{"line":5,"column":10}},"3":{"start":{"line":4,"column":12},"end":{"line":4,"column":31}},"4":{"start":{"line":8,"column":8},"end":{"line":10,"column":10}},"5":{"start":{"line":9,"column":12},"end":{"line":9,"column":31}}},"branchMap":{}}}